<?xml version="1.0" encoding="UTF-8"?>
<testng-results ignored="0" total="1" passed="1" failed="0" skipped="0">
  <reporter-output>
  </reporter-output>
  <suite started-at="2024-08-14T17:00:58 IST" name="Default suite" finished-at="2024-08-14T17:01:08 IST" duration-ms="10597">
    <groups>
    </groups>
    <test started-at="2024-08-14T17:00:58 IST" name="Default test" finished-at="2024-08-14T17:01:08 IST" duration-ms="10597">
      <class name="com.tests.ArtHomeTest">
        <test-method is-config="true" signature="setup()[pri:0, instance:com.tests.ArtHomeTest@fbd1f6]" started-at="2024-08-14T17:00:43 IST" name="setup" finished-at="2024-08-14T17:00:58 IST" duration-ms="14285" status="PASS">
          <reporter-output>
          </reporter-output>
        </test-method> <!-- setup -->
        <test-method signature="test01()[pri:0, instance:com.tests.ArtHomeTest@fbd1f6]" started-at="2024-08-14T17:00:58 IST" name="test01" finished-at="2024-08-14T17:01:08 IST" duration-ms="10455" status="PASS">
          <reporter-output>
          </reporter-output>
        </test-method> <!-- test01 -->
      </class> <!-- com.tests.ArtHomeTest -->
    </test> <!-- Default test -->
  </suite> <!-- Default suite -->
</testng-results>
